[debug] [2021-07-11T07:06:21.623Z] ----------------------------------------------------------------------
[debug] [2021-07-11T07:06:21.628Z] Command:       /home/alex/.config/nvm/versions/node/v16.1.0/bin/node /home/alex/.config/nvm/versions/node/v16.1.0/bin/firebase deploy --only hosting,functions:nextServer
[debug] [2021-07-11T07:06:21.629Z] CLI Version:   9.10.2
[debug] [2021-07-11T07:06:21.630Z] Platform:      linux
[debug] [2021-07-11T07:06:21.631Z] Node Version:  v16.1.0
[debug] [2021-07-11T07:06:21.632Z] Time:          Sun Jul 11 2021 01:06:21 GMT-0600 (hora estándar central)
[debug] [2021-07-11T07:06:21.632Z] ----------------------------------------------------------------------
[debug] 
[debug] [2021-07-11T07:06:21.729Z] > command requires scopes: ["email","openid","https://www.googleapis.com/auth/cloudplatformprojects.readonly","https://www.googleapis.com/auth/firebase","https://www.googleapis.com/auth/cloud-platform"]
[debug] [2021-07-11T07:06:21.730Z] > authorizing via signed-in user (luadevelopmentstudio@gmail.com)
[debug] [2021-07-11T07:06:21.730Z] [iam] checking project facilito-app for permissions ["cloudfunctions.functions.create","cloudfunctions.functions.delete","cloudfunctions.functions.get","cloudfunctions.functions.list","cloudfunctions.functions.update","cloudfunctions.operations.get","firebase.projects.get","firebasehosting.sites.update"]
[debug] [2021-07-11T07:06:21.735Z] >>> HTTP REQUEST POST https://cloudresourcemanager.googleapis.com/v1/projects/facilito-app:testIamPermissions  
 {"permissions":["cloudfunctions.functions.create","cloudfunctions.functions.delete","cloudfunctions.functions.get","cloudfunctions.functions.list","cloudfunctions.functions.update","cloudfunctions.operations.get","firebase.projects.get","firebasehosting.sites.update"]}
[debug] [2021-07-11T07:06:23.244Z] <<< HTTP RESPONSE 200 {"content-type":"application/json; charset=UTF-8","vary":"X-Origin, Referer, Origin,Accept-Encoding","date":"Sun, 11 Jul 2021 07:06:23 GMT","server":"ESF","cache-control":"private","x-xss-protection":"0","x-frame-options":"SAMEORIGIN","x-content-type-options":"nosniff","server-timing":"gfet4t7; dur=102","alt-svc":"h3=\":443\"; ma=2592000,h3-29=\":443\"; ma=2592000,h3-T051=\":443\"; ma=2592000,h3-Q050=\":443\"; ma=2592000,h3-Q046=\":443\"; ma=2592000,h3-Q043=\":443\"; ma=2592000,quic=\":443\"; ma=2592000; v=\"46,43\"","accept-ranges":"none","transfer-encoding":"chunked"}
[debug] [2021-07-11T07:06:23.250Z] >>> HTTP REQUEST POST https://iam.googleapis.com/v1/projects/facilito-app/serviceAccounts/facilito-app@appspot.gserviceaccount.com:testIamPermissions  
 {"permissions":["iam.serviceAccounts.actAs"]}
[debug] [2021-07-11T07:06:23.624Z] <<< HTTP RESPONSE 200 {"content-type":"application/json; charset=UTF-8","vary":"X-Origin, Referer, Origin,Accept-Encoding","date":"Sun, 11 Jul 2021 07:06:23 GMT","server":"ESF","cache-control":"private","x-xss-protection":"0","x-frame-options":"SAMEORIGIN","x-content-type-options":"nosniff","alt-svc":"h3=\":443\"; ma=2592000,h3-29=\":443\"; ma=2592000,h3-T051=\":443\"; ma=2592000,h3-Q050=\":443\"; ma=2592000,h3-Q046=\":443\"; ma=2592000,h3-Q043=\":443\"; ma=2592000,quic=\":443\"; ma=2592000; v=\"46,43\"","accept-ranges":"none","transfer-encoding":"chunked"}
[debug] [2021-07-11T07:06:23.628Z] > refreshing access token with scopes: []
[debug] [2021-07-11T07:06:23.628Z] >>> HTTP REQUEST POST https://www.googleapis.com/oauth2/v3/token  
 <request body omitted>
[debug] [2021-07-11T07:06:23.857Z] <<< HTTP RESPONSE 200 {"pragma":"no-cache","date":"Sun, 11 Jul 2021 07:06:23 GMT","cache-control":"no-cache, no-store, max-age=0, must-revalidate","expires":"Mon, 01 Jan 1990 00:00:00 GMT","content-type":"application/json; charset=utf-8","vary":"X-Origin, Referer, Origin,Accept-Encoding","server":"scaffolding on HTTPServer2","x-xss-protection":"0","x-frame-options":"SAMEORIGIN","x-content-type-options":"nosniff","alt-svc":"h3=\":443\"; ma=2592000,h3-29=\":443\"; ma=2592000,h3-T051=\":443\"; ma=2592000,h3-Q050=\":443\"; ma=2592000,h3-Q046=\":443\"; ma=2592000,h3-Q043=\":443\"; ma=2592000,quic=\":443\"; ma=2592000; v=\"46,43\"","accept-ranges":"none","transfer-encoding":"chunked"}
[debug] [2021-07-11T07:06:23.995Z] >>> [apiv2][query] GET https://firebase.googleapis.com/v1beta1/projects/facilito-app [none]
[debug] [2021-07-11T07:06:24.375Z] <<< [apiv2][status] GET https://firebase.googleapis.com/v1beta1/projects/facilito-app 200
[debug] [2021-07-11T07:06:24.376Z] <<< [apiv2][body] GET https://firebase.googleapis.com/v1beta1/projects/facilito-app {"projectId":"facilito-app","projectNumber":"37962835039","displayName":"Facilito","name":"projects/facilito-app","resources":{"hostingSite":"facilito-app","realtimeDatabaseInstance":"facilito-app","storageBucket":"facilito-app.appspot.com","locationId":"us-central"},"state":"ACTIVE"}
[info] 
[info] === Deploying to 'facilito-app'...
[info] 
[info] i  deploying functions, hosting 
[info] i  functions: ensuring required API cloudfunctions.googleapis.com is enabled... 
[debug] [2021-07-11T07:06:39.456Z] > refreshing access token with scopes: ["email","https://www.googleapis.com/auth/cloud-platform","https://www.googleapis.com/auth/cloudplatformprojects.readonly","https://www.googleapis.com/auth/firebase","openid"]
[debug] [2021-07-11T07:06:39.457Z] >>> HTTP REQUEST POST https://www.googleapis.com/oauth2/v3/token  
 <request body omitted>
[debug] [2021-07-11T07:06:39.458Z] > refreshing access token with scopes: ["email","https://www.googleapis.com/auth/cloud-platform","https://www.googleapis.com/auth/cloudplatformprojects.readonly","https://www.googleapis.com/auth/firebase","openid"]
[debug] [2021-07-11T07:06:39.459Z] >>> HTTP REQUEST POST https://www.googleapis.com/oauth2/v3/token  
 <request body omitted>
[info] i  functions: ensuring required API cloudbuild.googleapis.com is enabled... 
[debug] [2021-07-11T07:06:39.461Z] > refreshing access token with scopes: ["email","https://www.googleapis.com/auth/cloud-platform","https://www.googleapis.com/auth/cloudplatformprojects.readonly","https://www.googleapis.com/auth/firebase","openid"]
[debug] [2021-07-11T07:06:39.463Z] >>> HTTP REQUEST POST https://www.googleapis.com/oauth2/v3/token  
 <request body omitted>
[debug] [2021-07-11T07:06:39.655Z] <<< HTTP RESPONSE 200 {"pragma":"no-cache","cache-control":"no-cache, no-store, max-age=0, must-revalidate","date":"Sun, 11 Jul 2021 07:06:39 GMT","expires":"Mon, 01 Jan 1990 00:00:00 GMT","content-type":"application/json; charset=utf-8","vary":"X-Origin, Referer, Origin,Accept-Encoding","server":"scaffolding on HTTPServer2","x-xss-protection":"0","x-frame-options":"SAMEORIGIN","x-content-type-options":"nosniff","alt-svc":"h3=\":443\"; ma=2592000,h3-29=\":443\"; ma=2592000,h3-T051=\":443\"; ma=2592000,h3-Q050=\":443\"; ma=2592000,h3-Q046=\":443\"; ma=2592000,h3-Q043=\":443\"; ma=2592000,quic=\":443\"; ma=2592000; v=\"46,43\"","accept-ranges":"none","transfer-encoding":"chunked"}
[debug] [2021-07-11T07:06:39.842Z] >>> HTTP REQUEST GET https://serviceusage.googleapis.com/v1/projects/facilito-app/services/cloudfunctions.googleapis.com  
 
[debug] [2021-07-11T07:06:39.849Z] <<< HTTP RESPONSE 200 {"pragma":"no-cache","expires":"Mon, 01 Jan 1990 00:00:00 GMT","cache-control":"no-cache, no-store, max-age=0, must-revalidate","date":"Sun, 11 Jul 2021 07:06:39 GMT","content-type":"application/json; charset=utf-8","vary":"X-Origin, Referer, Origin,Accept-Encoding","server":"scaffolding on HTTPServer2","x-xss-protection":"0","x-frame-options":"SAMEORIGIN","x-content-type-options":"nosniff","alt-svc":"h3=\":443\"; ma=2592000,h3-29=\":443\"; ma=2592000,h3-T051=\":443\"; ma=2592000,h3-Q050=\":443\"; ma=2592000,h3-Q046=\":443\"; ma=2592000,h3-Q043=\":443\"; ma=2592000,quic=\":443\"; ma=2592000; v=\"46,43\"","accept-ranges":"none","transfer-encoding":"chunked"}
[debug] [2021-07-11T07:06:40.217Z] >>> HTTP REQUEST GET https://serviceusage.googleapis.com/v1/projects/facilito-app/services/cloudbuild.googleapis.com  
 
[debug] [2021-07-11T07:06:40.220Z] <<< HTTP RESPONSE 200 {"date":"Sun, 11 Jul 2021 07:06:39 GMT","pragma":"no-cache","expires":"Mon, 01 Jan 1990 00:00:00 GMT","cache-control":"no-cache, no-store, max-age=0, must-revalidate","content-type":"application/json; charset=utf-8","vary":"X-Origin, Referer, Origin,Accept-Encoding","server":"scaffolding on HTTPServer2","x-xss-protection":"0","x-frame-options":"SAMEORIGIN","x-content-type-options":"nosniff","alt-svc":"h3=\":443\"; ma=2592000,h3-29=\":443\"; ma=2592000,h3-T051=\":443\"; ma=2592000,h3-Q050=\":443\"; ma=2592000,h3-Q046=\":443\"; ma=2592000,h3-Q043=\":443\"; ma=2592000,quic=\":443\"; ma=2592000; v=\"46,43\"","accept-ranges":"none","transfer-encoding":"chunked"}
[debug] [2021-07-11T07:06:40.328Z] >>> HTTP REQUEST GET https://serviceusage.googleapis.com/v1/projects/facilito-app/services/runtimeconfig.googleapis.com  
 
[debug] [2021-07-11T07:06:40.797Z] <<< HTTP RESPONSE 200 {"content-type":"application/json; charset=UTF-8","vary":"X-Origin, Referer, Origin,Accept-Encoding","date":"Sun, 11 Jul 2021 07:06:40 GMT","server":"ESF","cache-control":"private","x-xss-protection":"0","x-frame-options":"SAMEORIGIN","x-content-type-options":"nosniff","alt-svc":"h3=\":443\"; ma=2592000,h3-29=\":443\"; ma=2592000,h3-T051=\":443\"; ma=2592000,h3-Q050=\":443\"; ma=2592000,h3-Q046=\":443\"; ma=2592000,h3-Q043=\":443\"; ma=2592000,quic=\":443\"; ma=2592000; v=\"46,43\"","accept-ranges":"none","transfer-encoding":"chunked"}
[debug] [2021-07-11T07:06:40.891Z] <<< HTTP RESPONSE 200 {"content-type":"application/json; charset=UTF-8","vary":"X-Origin, Referer, Origin,Accept-Encoding","date":"Sun, 11 Jul 2021 07:06:40 GMT","server":"ESF","cache-control":"private","x-xss-protection":"0","x-frame-options":"SAMEORIGIN","x-content-type-options":"nosniff","alt-svc":"h3=\":443\"; ma=2592000,h3-29=\":443\"; ma=2592000,h3-T051=\":443\"; ma=2592000,h3-Q050=\":443\"; ma=2592000,h3-Q046=\":443\"; ma=2592000,h3-Q043=\":443\"; ma=2592000,quic=\":443\"; ma=2592000; v=\"46,43\"","accept-ranges":"none","transfer-encoding":"chunked"}
[info] ✔  functions: required API cloudbuild.googleapis.com is enabled 
[debug] [2021-07-11T07:06:40.907Z] <<< HTTP RESPONSE 200 {"content-type":"application/json; charset=UTF-8","vary":"X-Origin, Referer, Origin,Accept-Encoding","date":"Sun, 11 Jul 2021 07:06:40 GMT","server":"ESF","cache-control":"private","x-xss-protection":"0","x-frame-options":"SAMEORIGIN","x-content-type-options":"nosniff","alt-svc":"h3=\":443\"; ma=2592000,h3-29=\":443\"; ma=2592000,h3-T051=\":443\"; ma=2592000,h3-Q050=\":443\"; ma=2592000,h3-Q046=\":443\"; ma=2592000,h3-Q043=\":443\"; ma=2592000,quic=\":443\"; ma=2592000; v=\"46,43\"","accept-ranges":"none","transfer-encoding":"chunked"}
[info] ✔  functions: required API cloudfunctions.googleapis.com is enabled 
[debug] [2021-07-11T07:06:40.913Z] >>> HTTP REQUEST GET https://firebase.googleapis.com/v1beta1/projects/facilito-app/adminSdkConfig  
 
[debug] [2021-07-11T07:06:41.228Z] <<< HTTP RESPONSE 200 {"content-type":"application/json; charset=UTF-8","vary":"X-Origin, Referer, Origin,Accept-Encoding","date":"Sun, 11 Jul 2021 07:06:41 GMT","server":"ESF","cache-control":"private","x-xss-protection":"0","x-frame-options":"SAMEORIGIN","x-content-type-options":"nosniff","alt-svc":"h3=\":443\"; ma=2592000,h3-29=\":443\"; ma=2592000,h3-T051=\":443\"; ma=2592000,h3-Q050=\":443\"; ma=2592000,h3-Q046=\":443\"; ma=2592000,h3-Q043=\":443\"; ma=2592000,quic=\":443\"; ma=2592000; v=\"46,43\"","accept-ranges":"none","transfer-encoding":"chunked"}
[info] i  functions: preparing . directory for uploading... 
[debug] [2021-07-11T07:06:41.233Z] >>> HTTP REQUEST GET https://runtimeconfig.googleapis.com/v1beta1/projects/facilito-app/configs  
 
[debug] [2021-07-11T07:06:41.605Z] <<< HTTP RESPONSE 200 {"content-type":"application/json; charset=UTF-8","vary":"X-Origin, Referer, Origin,Accept-Encoding","date":"Sun, 11 Jul 2021 07:06:41 GMT","server":"ESF","cache-control":"private","x-xss-protection":"0","x-frame-options":"SAMEORIGIN","x-content-type-options":"nosniff","alt-svc":"h3=\":443\"; ma=2592000,h3-29=\":443\"; ma=2592000,h3-T051=\":443\"; ma=2592000,h3-Q050=\":443\"; ma=2592000,h3-Q046=\":443\"; ma=2592000,h3-Q043=\":443\"; ma=2592000,quic=\":443\"; ma=2592000; v=\"46,43\"","accept-ranges":"none","transfer-encoding":"chunked"}
[info] i  functions: packaged . (42.27 MB) for uploading 
[debug] [2021-07-11T07:06:52.916Z] > [functions] package.json contents: {
  "name": "facilito-ssr",
  "version": "0.1.0",
  "private": true,
  "engines": {
    "node": "14"
  },
  "main": "server.js",
  "scripts": {
    "dev": "next dev",
    "build": "next build",
    "start": "next start",
    "lint": "next lint",
    "predeploy": "npm run build",
    "deploy": "firebase deploy"
  },
  "dependencies": {
    "@material-ui/core": "^4.12.1",
    "@material-ui/icons": "^4.11.2",
    "@material-ui/lab": "*",
    "@material-ui/pickers": "^3.3.10",
    "firebase": "^8.7.1",
    "firebase-functions": "^3.14.1",
    "next": "10.2.0",
    "react": "17.0.2",
    "react-dom": "17.0.2"
  },
  "devDependencies": {
    "@typescript-eslint/eslint-plugin": "^4.28.2",
    "@typescript-eslint/parser": "^4.28.2",
    "eslint": "^7.30.0",
    "eslint-config-next": "^11.0.1",
    "eslint-config-prettier": "^8.3.0",
    "eslint-config-standard": "^16.0.3",
    "eslint-plugin-import": "^2.23.4",
    "eslint-plugin-node": "^11.1.0",
    "eslint-plugin-prettier": "^3.4.0",
    "eslint-plugin-promise": "^5.1.0",
    "eslint-plugin-react": "^7.24.0",
    "prettier": "^2.3.2"
  }
}
[debug] [2021-07-11T07:06:52.923Z] >>> HTTP REQUEST GET https://cloudfunctions.googleapis.com/v1/projects/facilito-app/locations/-/functions  
 
[debug] [2021-07-11T07:06:53.777Z] <<< HTTP RESPONSE 200 {"content-type":"application/json; charset=UTF-8","vary":"X-Origin, Referer, Origin,Accept-Encoding","date":"Sun, 11 Jul 2021 07:06:53 GMT","server":"ESF","cache-control":"private","x-xss-protection":"0","x-frame-options":"SAMEORIGIN","x-content-type-options":"nosniff","alt-svc":"h3=\":443\"; ma=2592000,h3-29=\":443\"; ma=2592000,h3-T051=\":443\"; ma=2592000,h3-Q050=\":443\"; ma=2592000,h3-Q046=\":443\"; ma=2592000,h3-Q043=\":443\"; ma=2592000,quic=\":443\"; ma=2592000; v=\"46,43\"","accept-ranges":"none","transfer-encoding":"chunked"}
[debug] [2021-07-11T07:06:53.786Z] >>> HTTP REQUEST POST https://firebasehosting.googleapis.com/v1beta1/sites/facilito-release/versions  
 {"config":{"rewrites":[{"glob":"**","function":"nextServer"}]},"labels":{"deployment-tool":"cli-firebase"}}
[debug] [2021-07-11T07:06:54.722Z] <<< HTTP RESPONSE 200 {"content-type":"application/json; charset=UTF-8","vary":"X-Origin, Referer, Origin,Accept-Encoding","date":"Sun, 11 Jul 2021 07:06:54 GMT","server":"ESF","cache-control":"private","x-xss-protection":"0","x-frame-options":"SAMEORIGIN","x-content-type-options":"nosniff","alt-svc":"h3=\":443\"; ma=2592000,h3-29=\":443\"; ma=2592000,h3-T051=\":443\"; ma=2592000,h3-Q050=\":443\"; ma=2592000,h3-Q046=\":443\"; ma=2592000,h3-Q043=\":443\"; ma=2592000,quic=\":443\"; ma=2592000; v=\"46,43\"","accept-ranges":"none","transfer-encoding":"chunked"}
[debug] [2021-07-11T07:06:54.727Z] >>> HTTP REQUEST POST https://cloudfunctions.googleapis.com/v1/projects/facilito-app/locations/us-central1/functions:generateUploadUrl  
 
[debug] [2021-07-11T07:06:55.517Z] <<< HTTP RESPONSE 200 {"content-type":"application/json; charset=UTF-8","vary":"X-Origin, Referer, Origin,Accept-Encoding","date":"Sun, 11 Jul 2021 07:06:55 GMT","server":"ESF","cache-control":"private","x-xss-protection":"0","x-frame-options":"SAMEORIGIN","x-content-type-options":"nosniff","alt-svc":"h3=\":443\"; ma=2592000,h3-29=\":443\"; ma=2592000,h3-T051=\":443\"; ma=2592000,h3-Q050=\":443\"; ma=2592000,h3-Q046=\":443\"; ma=2592000,h3-Q043=\":443\"; ma=2592000,quic=\":443\"; ma=2592000; v=\"46,43\"","accept-ranges":"none","transfer-encoding":"chunked"}
[debug] [2021-07-11T07:06:55.519Z] >>> HTTP REQUEST PUT https://storage.googleapis.com/gcf-upload-us-central1-1ffa0556-eb11-488c-9a18-c4961029fb61/e5989020-01c2-4b72-9c19-af5a4dfd64c3.zip?GoogleAccessId=service-37962835039@gcf-admin-robot.iam.gserviceaccount.com&Expires=1625989015&Signature=amOKA8I0zIul5Xju%2BnzTUF7V7cGbfdBJM8KlU5RTkBvfh0kQ4MRQYFe4n2fY8vQBFmac%2FtM%2BqFGgIBUuofuBeKpNnOg8FZqmi4gqC2rE3NQsz%2Bwog682eFTrpUoc4HM8TJ4fgFp9VM5MtucR%2FLJ%2FdoGPD%2Fz0N2w9Y%2BSxtNg2WvoRYY%2Bn9geAqEz%2Fz3EWeb2CKHEyjKHKaPkXN5ly3Z7kQJIFpRuXzog4FoNeuly2FvRuvbEhZ8FYdX5wk1%2FIG9Qf8keFFAeQLrdc1jOLgqZdXJULTyN6ZLpZ8D8huX0M8mbsr%2BZfV%2BrEWU15lp6XQy1FHcHtJJAucTLKCWEaUwnl5Q%3D%3D  
 <request body omitted>
